<?xml version="1.0" encoding="UTF-8"?>
<!-- Generated by org.testng.reporters.JUnitReportReporter -->
<testsuite hostname="NghiaTran" failures="0" tests="1" name="com.godEShop.Login.LoginTest" time="30.544" errors="0" timestamp="20 Jul 2022 00:59:04 GMT" skipped="0">
  <testcase classname="com.godEShop.Login.LoginTest" name="LoginTest" time="30.544"/>
</testsuite> <!-- com.godEShop.Login.LoginTest -->
