<?xml version="1.0" encoding="UTF-8"?>
<!-- Generated by org.testng.reporters.JUnitReportReporter -->
<testsuite hostname="NghiaTran" failures="0" tests="1" name="com.godEShop.Login.LoginTest" time="30.832" errors="0" timestamp="28 Jul 2022 03:32:06 GMT" skipped="0">
  <testcase classname="com.godEShop.Login.LoginTest" name="LoginRunTest" time="30.832"/>
</testsuite> <!-- com.godEShop.Login.LoginTest -->
