<?xml version="1.0" encoding="UTF-8"?>
<!-- Generated by org.testng.reporters.JUnitReportReporter -->
<testsuite hostname="NghiaTran" failures="0" tests="1" name="com.godEShop.OrderProcessing.OrderProcessing" time="22.403" errors="0" timestamp="02 Aug 2022 04:40:28 GMT" skipped="0">
  <testcase classname="com.godEShop.OrderProcessing.OrderProcessing" name="LoginRegistration" time="22.403"/>
</testsuite> <!-- com.godEShop.OrderProcessing.OrderProcessing -->
